[0.192s] DEBUG:colcon:Command line arguments: ['/usr/bin/colcon', 'build', '--packages-select', 'motor_control_pkg']
[0.192s] DEBUG:colcon:Parsed command line arguments: Namespace(log_base=None, log_level=None, verb_name='build', build_base='build', install_base='install', merge_install=False, symlink_install=False, test_result_base=None, continue_on_error=False, executor='parallel', parallel_workers=8, event_handlers=None, ignore_user_meta=False, metas=['./colcon.meta'], base_paths=['.'], packages_ignore=None, packages_ignore_regex=None, paths=None, packages_up_to=None, packages_up_to_regex=None, packages_above=None, packages_above_and_dependencies=None, packages_above_depth=None, packages_select_by_dep=None, packages_skip_by_dep=None, packages_skip_up_to=None, packages_select_build_failed=False, packages_skip_build_finished=False, packages_select_test_failures=False, packages_skip_test_passed=False, packages_select=['motor_control_pkg'], packages_skip=None, packages_select_regex=None, packages_skip_regex=None, packages_start=None, packages_end=None, allow_overriding=[], cmake_args=None, cmake_target=None, cmake_target_skip_unavailable=False, cmake_clean_cache=False, cmake_clean_first=False, cmake_force_configure=False, ament_cmake_args=None, catkin_cmake_args=None, catkin_skip_building_tests=False, verb_parser=<colcon_defaults.argument_parser.defaults.DefaultArgumentsDecorator object at 0xffff98a83a30>, verb_extension=<colcon_core.verb.build.BuildVerb object at 0xffff98a834c0>, main=<bound method BuildVerb.main of <colcon_core.verb.build.BuildVerb object at 0xffff98a834c0>>)
[0.492s] Level 1:colcon.colcon_core.package_discovery:discover_packages(colcon_meta) check parameters
[0.493s] Level 1:colcon.colcon_core.package_discovery:discover_packages(recursive) check parameters
[0.493s] Level 1:colcon.colcon_core.package_discovery:discover_packages(ignore) check parameters
[0.493s] Level 1:colcon.colcon_core.package_discovery:discover_packages(path) check parameters
[0.493s] Level 1:colcon.colcon_core.package_discovery:discover_packages(colcon_meta) discover
[0.493s] Level 1:colcon.colcon_core.package_discovery:discover_packages(recursive) discover
[0.493s] INFO:colcon.colcon_core.package_discovery:Crawling recursively for packages in '/home/agxorin1/autonomousvehiclelab'
[0.494s] Level 1:colcon.colcon_core.package_identification:_identify(.) by extensions ['ignore', 'ignore_ament_install']
[0.494s] Level 1:colcon.colcon_core.package_identification:_identify(.) by extension 'ignore'
[0.494s] Level 1:colcon.colcon_core.package_identification:_identify(.) by extension 'ignore_ament_install'
[0.494s] Level 1:colcon.colcon_core.package_identification:_identify(.) by extensions ['colcon_pkg']
[0.494s] Level 1:colcon.colcon_core.package_identification:_identify(.) by extension 'colcon_pkg'
[0.494s] Level 1:colcon.colcon_core.package_identification:_identify(.) by extensions ['colcon_meta']
[0.494s] Level 1:colcon.colcon_core.package_identification:_identify(.) by extension 'colcon_meta'
[0.494s] Level 1:colcon.colcon_core.package_identification:_identify(.) by extensions ['ros']
[0.495s] Level 1:colcon.colcon_core.package_identification:_identify(.) by extension 'ros'
[0.517s] Level 1:colcon.colcon_core.package_identification:_identify(.) by extensions ['cmake', 'python']
[0.517s] Level 1:colcon.colcon_core.package_identification:_identify(.) by extension 'cmake'
[0.518s] Level 1:colcon.colcon_core.package_identification:_identify(.) by extension 'python'
[0.518s] Level 1:colcon.colcon_core.package_identification:_identify(.) by extensions ['python_setup_py']
[0.518s] Level 1:colcon.colcon_core.package_identification:_identify(.) by extension 'python_setup_py'
[0.518s] Level 1:colcon.colcon_core.package_identification:_identify(Microcontrollers) by extensions ['ignore', 'ignore_ament_install']
[0.518s] Level 1:colcon.colcon_core.package_identification:_identify(Microcontrollers) by extension 'ignore'
[0.518s] Level 1:colcon.colcon_core.package_identification:_identify(Microcontrollers) by extension 'ignore_ament_install'
[0.519s] Level 1:colcon.colcon_core.package_identification:_identify(Microcontrollers) by extensions ['colcon_pkg']
[0.519s] Level 1:colcon.colcon_core.package_identification:_identify(Microcontrollers) by extension 'colcon_pkg'
[0.519s] Level 1:colcon.colcon_core.package_identification:_identify(Microcontrollers) by extensions ['colcon_meta']
[0.519s] Level 1:colcon.colcon_core.package_identification:_identify(Microcontrollers) by extension 'colcon_meta'
[0.519s] Level 1:colcon.colcon_core.package_identification:_identify(Microcontrollers) by extensions ['ros']
[0.519s] Level 1:colcon.colcon_core.package_identification:_identify(Microcontrollers) by extension 'ros'
[0.519s] Level 1:colcon.colcon_core.package_identification:_identify(Microcontrollers) by extensions ['cmake', 'python']
[0.519s] Level 1:colcon.colcon_core.package_identification:_identify(Microcontrollers) by extension 'cmake'
[0.519s] Level 1:colcon.colcon_core.package_identification:_identify(Microcontrollers) by extension 'python'
[0.520s] Level 1:colcon.colcon_core.package_identification:_identify(Microcontrollers) by extensions ['python_setup_py']
[0.520s] Level 1:colcon.colcon_core.package_identification:_identify(Microcontrollers) by extension 'python_setup_py'
[0.520s] Level 1:colcon.colcon_core.package_identification:_identify(Microcontrollers/Arduino) by extensions ['ignore', 'ignore_ament_install']
[0.520s] Level 1:colcon.colcon_core.package_identification:_identify(Microcontrollers/Arduino) by extension 'ignore'
[0.520s] Level 1:colcon.colcon_core.package_identification:_identify(Microcontrollers/Arduino) by extension 'ignore_ament_install'
[0.520s] Level 1:colcon.colcon_core.package_identification:_identify(Microcontrollers/Arduino) by extensions ['colcon_pkg']
[0.520s] Level 1:colcon.colcon_core.package_identification:_identify(Microcontrollers/Arduino) by extension 'colcon_pkg'
[0.520s] Level 1:colcon.colcon_core.package_identification:_identify(Microcontrollers/Arduino) by extensions ['colcon_meta']
[0.520s] Level 1:colcon.colcon_core.package_identification:_identify(Microcontrollers/Arduino) by extension 'colcon_meta'
[0.521s] Level 1:colcon.colcon_core.package_identification:_identify(Microcontrollers/Arduino) by extensions ['ros']
[0.521s] Level 1:colcon.colcon_core.package_identification:_identify(Microcontrollers/Arduino) by extension 'ros'
[0.521s] Level 1:colcon.colcon_core.package_identification:_identify(Microcontrollers/Arduino) by extensions ['cmake', 'python']
[0.521s] Level 1:colcon.colcon_core.package_identification:_identify(Microcontrollers/Arduino) by extension 'cmake'
[0.521s] Level 1:colcon.colcon_core.package_identification:_identify(Microcontrollers/Arduino) by extension 'python'
[0.521s] Level 1:colcon.colcon_core.package_identification:_identify(Microcontrollers/Arduino) by extensions ['python_setup_py']
[0.521s] Level 1:colcon.colcon_core.package_identification:_identify(Microcontrollers/Arduino) by extension 'python_setup_py'
[0.521s] Level 1:colcon.colcon_core.package_identification:_identify(Microcontrollers/Arduino/CombinedControlCode) by extensions ['ignore', 'ignore_ament_install']
[0.521s] Level 1:colcon.colcon_core.package_identification:_identify(Microcontrollers/Arduino/CombinedControlCode) by extension 'ignore'
[0.522s] Level 1:colcon.colcon_core.package_identification:_identify(Microcontrollers/Arduino/CombinedControlCode) by extension 'ignore_ament_install'
[0.522s] Level 1:colcon.colcon_core.package_identification:_identify(Microcontrollers/Arduino/CombinedControlCode) by extensions ['colcon_pkg']
[0.522s] Level 1:colcon.colcon_core.package_identification:_identify(Microcontrollers/Arduino/CombinedControlCode) by extension 'colcon_pkg'
[0.522s] Level 1:colcon.colcon_core.package_identification:_identify(Microcontrollers/Arduino/CombinedControlCode) by extensions ['colcon_meta']
[0.522s] Level 1:colcon.colcon_core.package_identification:_identify(Microcontrollers/Arduino/CombinedControlCode) by extension 'colcon_meta'
[0.522s] Level 1:colcon.colcon_core.package_identification:_identify(Microcontrollers/Arduino/CombinedControlCode) by extensions ['ros']
[0.522s] Level 1:colcon.colcon_core.package_identification:_identify(Microcontrollers/Arduino/CombinedControlCode) by extension 'ros'
[0.522s] Level 1:colcon.colcon_core.package_identification:_identify(Microcontrollers/Arduino/CombinedControlCode) by extensions ['cmake', 'python']
[0.522s] Level 1:colcon.colcon_core.package_identification:_identify(Microcontrollers/Arduino/CombinedControlCode) by extension 'cmake'
[0.522s] Level 1:colcon.colcon_core.package_identification:_identify(Microcontrollers/Arduino/CombinedControlCode) by extension 'python'
[0.523s] Level 1:colcon.colcon_core.package_identification:_identify(Microcontrollers/Arduino/CombinedControlCode) by extensions ['python_setup_py']
[0.523s] Level 1:colcon.colcon_core.package_identification:_identify(Microcontrollers/Arduino/CombinedControlCode) by extension 'python_setup_py'
[0.523s] Level 1:colcon.colcon_core.package_identification:_identify(Pi) by extensions ['ignore', 'ignore_ament_install']
[0.523s] Level 1:colcon.colcon_core.package_identification:_identify(Pi) by extension 'ignore'
[0.523s] Level 1:colcon.colcon_core.package_identification:_identify(Pi) by extension 'ignore_ament_install'
[0.523s] Level 1:colcon.colcon_core.package_identification:_identify(Pi) by extensions ['colcon_pkg']
[0.523s] Level 1:colcon.colcon_core.package_identification:_identify(Pi) by extension 'colcon_pkg'
[0.523s] Level 1:colcon.colcon_core.package_identification:_identify(Pi) by extensions ['colcon_meta']
[0.523s] Level 1:colcon.colcon_core.package_identification:_identify(Pi) by extension 'colcon_meta'
[0.524s] Level 1:colcon.colcon_core.package_identification:_identify(Pi) by extensions ['ros']
[0.524s] Level 1:colcon.colcon_core.package_identification:_identify(Pi) by extension 'ros'
[0.524s] Level 1:colcon.colcon_core.package_identification:_identify(Pi) by extensions ['cmake', 'python']
[0.524s] Level 1:colcon.colcon_core.package_identification:_identify(Pi) by extension 'cmake'
[0.524s] Level 1:colcon.colcon_core.package_identification:_identify(Pi) by extension 'python'
[0.524s] Level 1:colcon.colcon_core.package_identification:_identify(Pi) by extensions ['python_setup_py']
[0.524s] Level 1:colcon.colcon_core.package_identification:_identify(Pi) by extension 'python_setup_py'
[0.524s] Level 1:colcon.colcon_core.package_identification:_identify(Pi/workspaces) by extensions ['ignore', 'ignore_ament_install']
[0.524s] Level 1:colcon.colcon_core.package_identification:_identify(Pi/workspaces) by extension 'ignore'
[0.525s] Level 1:colcon.colcon_core.package_identification:_identify(Pi/workspaces) by extension 'ignore_ament_install'
[0.525s] Level 1:colcon.colcon_core.package_identification:_identify(Pi/workspaces) by extensions ['colcon_pkg']
[0.525s] Level 1:colcon.colcon_core.package_identification:_identify(Pi/workspaces) by extension 'colcon_pkg'
[0.525s] Level 1:colcon.colcon_core.package_identification:_identify(Pi/workspaces) by extensions ['colcon_meta']
[0.525s] Level 1:colcon.colcon_core.package_identification:_identify(Pi/workspaces) by extension 'colcon_meta'
[0.525s] Level 1:colcon.colcon_core.package_identification:_identify(Pi/workspaces) by extensions ['ros']
[0.525s] Level 1:colcon.colcon_core.package_identification:_identify(Pi/workspaces) by extension 'ros'
[0.525s] Level 1:colcon.colcon_core.package_identification:_identify(Pi/workspaces) by extensions ['cmake', 'python']
[0.525s] Level 1:colcon.colcon_core.package_identification:_identify(Pi/workspaces) by extension 'cmake'
[0.525s] Level 1:colcon.colcon_core.package_identification:_identify(Pi/workspaces) by extension 'python'
[0.525s] Level 1:colcon.colcon_core.package_identification:_identify(Pi/workspaces) by extensions ['python_setup_py']
[0.526s] Level 1:colcon.colcon_core.package_identification:_identify(Pi/workspaces) by extension 'python_setup_py'
[0.526s] Level 1:colcon.colcon_core.package_identification:_identify(Pi/workspaces/ros2_humble_ws) by extensions ['ignore', 'ignore_ament_install']
[0.526s] Level 1:colcon.colcon_core.package_identification:_identify(Pi/workspaces/ros2_humble_ws) by extension 'ignore'
[0.526s] Level 1:colcon.colcon_core.package_identification:_identify(Pi/workspaces/ros2_humble_ws) by extension 'ignore_ament_install'
[0.526s] Level 1:colcon.colcon_core.package_identification:_identify(Pi/workspaces/ros2_humble_ws) by extensions ['colcon_pkg']
[0.526s] Level 1:colcon.colcon_core.package_identification:_identify(Pi/workspaces/ros2_humble_ws) by extension 'colcon_pkg'
[0.526s] Level 1:colcon.colcon_core.package_identification:_identify(Pi/workspaces/ros2_humble_ws) by extensions ['colcon_meta']
[0.526s] Level 1:colcon.colcon_core.package_identification:_identify(Pi/workspaces/ros2_humble_ws) by extension 'colcon_meta'
[0.526s] Level 1:colcon.colcon_core.package_identification:_identify(Pi/workspaces/ros2_humble_ws) by extensions ['ros']
[0.527s] Level 1:colcon.colcon_core.package_identification:_identify(Pi/workspaces/ros2_humble_ws) by extension 'ros'
[0.527s] Level 1:colcon.colcon_core.package_identification:_identify(Pi/workspaces/ros2_humble_ws) by extensions ['cmake', 'python']
[0.527s] Level 1:colcon.colcon_core.package_identification:_identify(Pi/workspaces/ros2_humble_ws) by extension 'cmake'
[0.527s] Level 1:colcon.colcon_core.package_identification:_identify(Pi/workspaces/ros2_humble_ws) by extension 'python'
[0.527s] Level 1:colcon.colcon_core.package_identification:_identify(Pi/workspaces/ros2_humble_ws) by extensions ['python_setup_py']
[0.527s] Level 1:colcon.colcon_core.package_identification:_identify(Pi/workspaces/ros2_humble_ws) by extension 'python_setup_py'
[0.527s] Level 1:colcon.colcon_core.package_identification:_identify(Pi/workspaces/ros2_humble_ws/build) by extensions ['ignore', 'ignore_ament_install']
[0.527s] Level 1:colcon.colcon_core.package_identification:_identify(Pi/workspaces/ros2_humble_ws/build) by extension 'ignore'
[0.528s] Level 1:colcon.colcon_core.package_identification:_identify(Pi/workspaces/ros2_humble_ws/build) ignored
[0.528s] Level 1:colcon.colcon_core.package_identification:_identify(Pi/workspaces/ros2_humble_ws/install) by extensions ['ignore', 'ignore_ament_install']
[0.528s] Level 1:colcon.colcon_core.package_identification:_identify(Pi/workspaces/ros2_humble_ws/install) by extension 'ignore'
[0.528s] Level 1:colcon.colcon_core.package_identification:_identify(Pi/workspaces/ros2_humble_ws/install) ignored
[0.528s] Level 1:colcon.colcon_core.package_identification:_identify(Pi/workspaces/ros2_humble_ws/src) by extensions ['ignore', 'ignore_ament_install']
[0.528s] Level 1:colcon.colcon_core.package_identification:_identify(Pi/workspaces/ros2_humble_ws/src) by extension 'ignore'
[0.529s] Level 1:colcon.colcon_core.package_identification:_identify(Pi/workspaces/ros2_humble_ws/src) by extension 'ignore_ament_install'
[0.529s] Level 1:colcon.colcon_core.package_identification:_identify(Pi/workspaces/ros2_humble_ws/src) by extensions ['colcon_pkg']
[0.529s] Level 1:colcon.colcon_core.package_identification:_identify(Pi/workspaces/ros2_humble_ws/src) by extension 'colcon_pkg'
[0.529s] Level 1:colcon.colcon_core.package_identification:_identify(Pi/workspaces/ros2_humble_ws/src) by extensions ['colcon_meta']
[0.529s] Level 1:colcon.colcon_core.package_identification:_identify(Pi/workspaces/ros2_humble_ws/src) by extension 'colcon_meta'
[0.529s] Level 1:colcon.colcon_core.package_identification:_identify(Pi/workspaces/ros2_humble_ws/src) by extensions ['ros']
[0.529s] Level 1:colcon.colcon_core.package_identification:_identify(Pi/workspaces/ros2_humble_ws/src) by extension 'ros'
[0.529s] Level 1:colcon.colcon_core.package_identification:_identify(Pi/workspaces/ros2_humble_ws/src) by extensions ['cmake', 'python']
[0.529s] Level 1:colcon.colcon_core.package_identification:_identify(Pi/workspaces/ros2_humble_ws/src) by extension 'cmake'
[0.529s] Level 1:colcon.colcon_core.package_identification:_identify(Pi/workspaces/ros2_humble_ws/src) by extension 'python'
[0.530s] Level 1:colcon.colcon_core.package_identification:_identify(Pi/workspaces/ros2_humble_ws/src) by extensions ['python_setup_py']
[0.530s] Level 1:colcon.colcon_core.package_identification:_identify(Pi/workspaces/ros2_humble_ws/src) by extension 'python_setup_py'
[0.530s] Level 1:colcon.colcon_core.package_identification:_identify(Pi/workspaces/ros2_humble_ws/src/camera_publishers) by extensions ['ignore', 'ignore_ament_install']
[0.530s] Level 1:colcon.colcon_core.package_identification:_identify(Pi/workspaces/ros2_humble_ws/src/camera_publishers) by extension 'ignore'
[0.530s] Level 1:colcon.colcon_core.package_identification:_identify(Pi/workspaces/ros2_humble_ws/src/camera_publishers) by extension 'ignore_ament_install'
[0.530s] Level 1:colcon.colcon_core.package_identification:_identify(Pi/workspaces/ros2_humble_ws/src/camera_publishers) by extensions ['colcon_pkg']
[0.530s] Level 1:colcon.colcon_core.package_identification:_identify(Pi/workspaces/ros2_humble_ws/src/camera_publishers) by extension 'colcon_pkg'
[0.530s] Level 1:colcon.colcon_core.package_identification:_identify(Pi/workspaces/ros2_humble_ws/src/camera_publishers) by extensions ['colcon_meta']
[0.530s] Level 1:colcon.colcon_core.package_identification:_identify(Pi/workspaces/ros2_humble_ws/src/camera_publishers) by extension 'colcon_meta'
[0.531s] Level 1:colcon.colcon_core.package_identification:_identify(Pi/workspaces/ros2_humble_ws/src/camera_publishers) by extensions ['ros']
[0.531s] Level 1:colcon.colcon_core.package_identification:_identify(Pi/workspaces/ros2_humble_ws/src/camera_publishers) by extension 'ros'
[0.543s] DEBUG:colcon.colcon_core.package_identification:Package 'Pi/workspaces/ros2_humble_ws/src/camera_publishers' with type 'ros.ament_python' and name 'camera_publishers'
[0.543s] Level 1:colcon.colcon_core.package_identification:_identify(Pi/workspaces/ros2_humble_ws/src/motor_control_pkg) by extensions ['ignore', 'ignore_ament_install']
[0.544s] Level 1:colcon.colcon_core.package_identification:_identify(Pi/workspaces/ros2_humble_ws/src/motor_control_pkg) by extension 'ignore'
[0.544s] Level 1:colcon.colcon_core.package_identification:_identify(Pi/workspaces/ros2_humble_ws/src/motor_control_pkg) by extension 'ignore_ament_install'
[0.544s] Level 1:colcon.colcon_core.package_identification:_identify(Pi/workspaces/ros2_humble_ws/src/motor_control_pkg) by extensions ['colcon_pkg']
[0.544s] Level 1:colcon.colcon_core.package_identification:_identify(Pi/workspaces/ros2_humble_ws/src/motor_control_pkg) by extension 'colcon_pkg'
[0.544s] Level 1:colcon.colcon_core.package_identification:_identify(Pi/workspaces/ros2_humble_ws/src/motor_control_pkg) by extensions ['colcon_meta']
[0.544s] Level 1:colcon.colcon_core.package_identification:_identify(Pi/workspaces/ros2_humble_ws/src/motor_control_pkg) by extension 'colcon_meta'
[0.544s] Level 1:colcon.colcon_core.package_identification:_identify(Pi/workspaces/ros2_humble_ws/src/motor_control_pkg) by extensions ['ros']
[0.544s] Level 1:colcon.colcon_core.package_identification:_identify(Pi/workspaces/ros2_humble_ws/src/motor_control_pkg) by extension 'ros'
[0.546s] DEBUG:colcon.colcon_core.package_identification:Package 'Pi/workspaces/ros2_humble_ws/src/motor_control_pkg' with type 'ros.ament_python' and name 'motor_control_pkg'
[0.546s] Level 1:colcon.colcon_core.package_identification:_identify(build) by extensions ['ignore', 'ignore_ament_install']
[0.546s] Level 1:colcon.colcon_core.package_identification:_identify(build) by extension 'ignore'
[0.546s] Level 1:colcon.colcon_core.package_identification:_identify(build) ignored
[0.547s] Level 1:colcon.colcon_core.package_identification:_identify(install) by extensions ['ignore', 'ignore_ament_install']
[0.547s] Level 1:colcon.colcon_core.package_identification:_identify(install) by extension 'ignore'
[0.547s] Level 1:colcon.colcon_core.package_identification:_identify(install) ignored
[0.547s] Level 1:colcon.colcon_core.package_identification:_identify(isaac_ros-dev) by extensions ['ignore', 'ignore_ament_install']
[0.547s] Level 1:colcon.colcon_core.package_identification:_identify(isaac_ros-dev) by extension 'ignore'
[0.547s] Level 1:colcon.colcon_core.package_identification:_identify(isaac_ros-dev) by extension 'ignore_ament_install'
[0.547s] Level 1:colcon.colcon_core.package_identification:_identify(isaac_ros-dev) by extensions ['colcon_pkg']
[0.548s] Level 1:colcon.colcon_core.package_identification:_identify(isaac_ros-dev) by extension 'colcon_pkg'
[0.548s] Level 1:colcon.colcon_core.package_identification:_identify(isaac_ros-dev) by extensions ['colcon_meta']
[0.548s] Level 1:colcon.colcon_core.package_identification:_identify(isaac_ros-dev) by extension 'colcon_meta'
[0.548s] Level 1:colcon.colcon_core.package_identification:_identify(isaac_ros-dev) by extensions ['ros']
[0.548s] Level 1:colcon.colcon_core.package_identification:_identify(isaac_ros-dev) by extension 'ros'
[0.548s] Level 1:colcon.colcon_core.package_identification:_identify(isaac_ros-dev) by extensions ['cmake', 'python']
[0.548s] Level 1:colcon.colcon_core.package_identification:_identify(isaac_ros-dev) by extension 'cmake'
[0.548s] Level 1:colcon.colcon_core.package_identification:_identify(isaac_ros-dev) by extension 'python'
[0.548s] Level 1:colcon.colcon_core.package_identification:_identify(isaac_ros-dev) by extensions ['python_setup_py']
[0.548s] Level 1:colcon.colcon_core.package_identification:_identify(isaac_ros-dev) by extension 'python_setup_py'
[0.549s] Level 1:colcon.colcon_core.package_identification:_identify(isaac_ros-dev/build) by extensions ['ignore', 'ignore_ament_install']
[0.549s] Level 1:colcon.colcon_core.package_identification:_identify(isaac_ros-dev/build) by extension 'ignore'
[0.549s] Level 1:colcon.colcon_core.package_identification:_identify(isaac_ros-dev/build) ignored
[0.549s] Level 1:colcon.colcon_core.package_identification:_identify(isaac_ros-dev/configs) by extensions ['ignore', 'ignore_ament_install']
[0.549s] Level 1:colcon.colcon_core.package_identification:_identify(isaac_ros-dev/configs) by extension 'ignore'
[0.549s] Level 1:colcon.colcon_core.package_identification:_identify(isaac_ros-dev/configs) by extension 'ignore_ament_install'
[0.549s] Level 1:colcon.colcon_core.package_identification:_identify(isaac_ros-dev/configs) by extensions ['colcon_pkg']
[0.549s] Level 1:colcon.colcon_core.package_identification:_identify(isaac_ros-dev/configs) by extension 'colcon_pkg'
[0.550s] Level 1:colcon.colcon_core.package_identification:_identify(isaac_ros-dev/configs) by extensions ['colcon_meta']
[0.550s] Level 1:colcon.colcon_core.package_identification:_identify(isaac_ros-dev/configs) by extension 'colcon_meta'
[0.550s] Level 1:colcon.colcon_core.package_identification:_identify(isaac_ros-dev/configs) by extensions ['ros']
[0.550s] Level 1:colcon.colcon_core.package_identification:_identify(isaac_ros-dev/configs) by extension 'ros'
[0.550s] Level 1:colcon.colcon_core.package_identification:_identify(isaac_ros-dev/configs) by extensions ['cmake', 'python']
[0.550s] Level 1:colcon.colcon_core.package_identification:_identify(isaac_ros-dev/configs) by extension 'cmake'
[0.550s] Level 1:colcon.colcon_core.package_identification:_identify(isaac_ros-dev/configs) by extension 'python'
[0.550s] Level 1:colcon.colcon_core.package_identification:_identify(isaac_ros-dev/configs) by extensions ['python_setup_py']
[0.550s] Level 1:colcon.colcon_core.package_identification:_identify(isaac_ros-dev/configs) by extension 'python_setup_py'
[0.550s] Level 1:colcon.colcon_core.package_identification:_identify(isaac_ros-dev/configs/camera_configs) by extensions ['ignore', 'ignore_ament_install']
[0.551s] Level 1:colcon.colcon_core.package_identification:_identify(isaac_ros-dev/configs/camera_configs) by extension 'ignore'
[0.551s] Level 1:colcon.colcon_core.package_identification:_identify(isaac_ros-dev/configs/camera_configs) by extension 'ignore_ament_install'
[0.551s] Level 1:colcon.colcon_core.package_identification:_identify(isaac_ros-dev/configs/camera_configs) by extensions ['colcon_pkg']
[0.551s] Level 1:colcon.colcon_core.package_identification:_identify(isaac_ros-dev/configs/camera_configs) by extension 'colcon_pkg'
[0.551s] Level 1:colcon.colcon_core.package_identification:_identify(isaac_ros-dev/configs/camera_configs) by extensions ['colcon_meta']
[0.551s] Level 1:colcon.colcon_core.package_identification:_identify(isaac_ros-dev/configs/camera_configs) by extension 'colcon_meta'
[0.551s] Level 1:colcon.colcon_core.package_identification:_identify(isaac_ros-dev/configs/camera_configs) by extensions ['ros']
[0.551s] Level 1:colcon.colcon_core.package_identification:_identify(isaac_ros-dev/configs/camera_configs) by extension 'ros'
[0.551s] Level 1:colcon.colcon_core.package_identification:_identify(isaac_ros-dev/configs/camera_configs) by extensions ['cmake', 'python']
[0.551s] Level 1:colcon.colcon_core.package_identification:_identify(isaac_ros-dev/configs/camera_configs) by extension 'cmake'
[0.552s] Level 1:colcon.colcon_core.package_identification:_identify(isaac_ros-dev/configs/camera_configs) by extension 'python'
[0.552s] Level 1:colcon.colcon_core.package_identification:_identify(isaac_ros-dev/configs/camera_configs) by extensions ['python_setup_py']
[0.552s] Level 1:colcon.colcon_core.package_identification:_identify(isaac_ros-dev/configs/camera_configs) by extension 'python_setup_py'
[0.552s] Level 1:colcon.colcon_core.package_identification:_identify(isaac_ros-dev/configs/camera_configs/left_boxcam) by extensions ['ignore', 'ignore_ament_install']
[0.552s] Level 1:colcon.colcon_core.package_identification:_identify(isaac_ros-dev/configs/camera_configs/left_boxcam) by extension 'ignore'
[0.552s] Level 1:colcon.colcon_core.package_identification:_identify(isaac_ros-dev/configs/camera_configs/left_boxcam) by extension 'ignore_ament_install'
[0.552s] Level 1:colcon.colcon_core.package_identification:_identify(isaac_ros-dev/configs/camera_configs/left_boxcam) by extensions ['colcon_pkg']
[0.552s] Level 1:colcon.colcon_core.package_identification:_identify(isaac_ros-dev/configs/camera_configs/left_boxcam) by extension 'colcon_pkg'
[0.552s] Level 1:colcon.colcon_core.package_identification:_identify(isaac_ros-dev/configs/camera_configs/left_boxcam) by extensions ['colcon_meta']
[0.553s] Level 1:colcon.colcon_core.package_identification:_identify(isaac_ros-dev/configs/camera_configs/left_boxcam) by extension 'colcon_meta'
[0.553s] Level 1:colcon.colcon_core.package_identification:_identify(isaac_ros-dev/configs/camera_configs/left_boxcam) by extensions ['ros']
[0.553s] Level 1:colcon.colcon_core.package_identification:_identify(isaac_ros-dev/configs/camera_configs/left_boxcam) by extension 'ros'
[0.553s] Level 1:colcon.colcon_core.package_identification:_identify(isaac_ros-dev/configs/camera_configs/left_boxcam) by extensions ['cmake', 'python']
[0.553s] Level 1:colcon.colcon_core.package_identification:_identify(isaac_ros-dev/configs/camera_configs/left_boxcam) by extension 'cmake'
[0.553s] Level 1:colcon.colcon_core.package_identification:_identify(isaac_ros-dev/configs/camera_configs/left_boxcam) by extension 'python'
[0.553s] Level 1:colcon.colcon_core.package_identification:_identify(isaac_ros-dev/configs/camera_configs/left_boxcam) by extensions ['python_setup_py']
[0.553s] Level 1:colcon.colcon_core.package_identification:_identify(isaac_ros-dev/configs/camera_configs/left_boxcam) by extension 'python_setup_py'
[0.553s] Level 1:colcon.colcon_core.package_identification:_identify(isaac_ros-dev/configs/camera_configs/right_boxcam) by extensions ['ignore', 'ignore_ament_install']
[0.553s] Level 1:colcon.colcon_core.package_identification:_identify(isaac_ros-dev/configs/camera_configs/right_boxcam) by extension 'ignore'
[0.554s] Level 1:colcon.colcon_core.package_identification:_identify(isaac_ros-dev/configs/camera_configs/right_boxcam) by extension 'ignore_ament_install'
[0.554s] Level 1:colcon.colcon_core.package_identification:_identify(isaac_ros-dev/configs/camera_configs/right_boxcam) by extensions ['colcon_pkg']
[0.554s] Level 1:colcon.colcon_core.package_identification:_identify(isaac_ros-dev/configs/camera_configs/right_boxcam) by extension 'colcon_pkg'
[0.554s] Level 1:colcon.colcon_core.package_identification:_identify(isaac_ros-dev/configs/camera_configs/right_boxcam) by extensions ['colcon_meta']
[0.554s] Level 1:colcon.colcon_core.package_identification:_identify(isaac_ros-dev/configs/camera_configs/right_boxcam) by extension 'colcon_meta'
[0.554s] Level 1:colcon.colcon_core.package_identification:_identify(isaac_ros-dev/configs/camera_configs/right_boxcam) by extensions ['ros']
[0.554s] Level 1:colcon.colcon_core.package_identification:_identify(isaac_ros-dev/configs/camera_configs/right_boxcam) by extension 'ros'
[0.554s] Level 1:colcon.colcon_core.package_identification:_identify(isaac_ros-dev/configs/camera_configs/right_boxcam) by extensions ['cmake', 'python']
[0.554s] Level 1:colcon.colcon_core.package_identification:_identify(isaac_ros-dev/configs/camera_configs/right_boxcam) by extension 'cmake'
[0.554s] Level 1:colcon.colcon_core.package_identification:_identify(isaac_ros-dev/configs/camera_configs/right_boxcam) by extension 'python'
[0.555s] Level 1:colcon.colcon_core.package_identification:_identify(isaac_ros-dev/configs/camera_configs/right_boxcam) by extensions ['python_setup_py']
[0.555s] Level 1:colcon.colcon_core.package_identification:_identify(isaac_ros-dev/configs/camera_configs/right_boxcam) by extension 'python_setup_py'
[0.555s] Level 1:colcon.colcon_core.package_identification:_identify(isaac_ros-dev/configs/camera_configs/right_fisheye) by extensions ['ignore', 'ignore_ament_install']
[0.555s] Level 1:colcon.colcon_core.package_identification:_identify(isaac_ros-dev/configs/camera_configs/right_fisheye) by extension 'ignore'
[0.555s] Level 1:colcon.colcon_core.package_identification:_identify(isaac_ros-dev/configs/camera_configs/right_fisheye) by extension 'ignore_ament_install'
[0.555s] Level 1:colcon.colcon_core.package_identification:_identify(isaac_ros-dev/configs/camera_configs/right_fisheye) by extensions ['colcon_pkg']
[0.555s] Level 1:colcon.colcon_core.package_identification:_identify(isaac_ros-dev/configs/camera_configs/right_fisheye) by extension 'colcon_pkg'
[0.555s] Level 1:colcon.colcon_core.package_identification:_identify(isaac_ros-dev/configs/camera_configs/right_fisheye) by extensions ['colcon_meta']
[0.555s] Level 1:colcon.colcon_core.package_identification:_identify(isaac_ros-dev/configs/camera_configs/right_fisheye) by extension 'colcon_meta'
[0.555s] Level 1:colcon.colcon_core.package_identification:_identify(isaac_ros-dev/configs/camera_configs/right_fisheye) by extensions ['ros']
[0.556s] Level 1:colcon.colcon_core.package_identification:_identify(isaac_ros-dev/configs/camera_configs/right_fisheye) by extension 'ros'
[0.556s] Level 1:colcon.colcon_core.package_identification:_identify(isaac_ros-dev/configs/camera_configs/right_fisheye) by extensions ['cmake', 'python']
[0.556s] Level 1:colcon.colcon_core.package_identification:_identify(isaac_ros-dev/configs/camera_configs/right_fisheye) by extension 'cmake'
[0.556s] Level 1:colcon.colcon_core.package_identification:_identify(isaac_ros-dev/configs/camera_configs/right_fisheye) by extension 'python'
[0.556s] Level 1:colcon.colcon_core.package_identification:_identify(isaac_ros-dev/configs/camera_configs/right_fisheye) by extensions ['python_setup_py']
[0.556s] Level 1:colcon.colcon_core.package_identification:_identify(isaac_ros-dev/configs/camera_configs/right_fisheye) by extension 'python_setup_py'
[0.556s] Level 1:colcon.colcon_core.package_identification:_identify(isaac_ros-dev/install) by extensions ['ignore', 'ignore_ament_install']
[0.556s] Level 1:colcon.colcon_core.package_identification:_identify(isaac_ros-dev/install) by extension 'ignore'
[0.556s] Level 1:colcon.colcon_core.package_identification:_identify(isaac_ros-dev/install) ignored
[0.557s] Level 1:colcon.colcon_core.package_identification:_identify(isaac_ros-dev/launch) by extensions ['ignore', 'ignore_ament_install']
[0.557s] Level 1:colcon.colcon_core.package_identification:_identify(isaac_ros-dev/launch) by extension 'ignore'
[0.557s] Level 1:colcon.colcon_core.package_identification:_identify(isaac_ros-dev/launch) by extension 'ignore_ament_install'
[0.557s] Level 1:colcon.colcon_core.package_identification:_identify(isaac_ros-dev/launch) by extensions ['colcon_pkg']
[0.557s] Level 1:colcon.colcon_core.package_identification:_identify(isaac_ros-dev/launch) by extension 'colcon_pkg'
[0.557s] Level 1:colcon.colcon_core.package_identification:_identify(isaac_ros-dev/launch) by extensions ['colcon_meta']
[0.557s] Level 1:colcon.colcon_core.package_identification:_identify(isaac_ros-dev/launch) by extension 'colcon_meta'
[0.557s] Level 1:colcon.colcon_core.package_identification:_identify(isaac_ros-dev/launch) by extensions ['ros']
[0.557s] Level 1:colcon.colcon_core.package_identification:_identify(isaac_ros-dev/launch) by extension 'ros'
[0.558s] Level 1:colcon.colcon_core.package_identification:_identify(isaac_ros-dev/launch) by extensions ['cmake', 'python']
[0.558s] Level 1:colcon.colcon_core.package_identification:_identify(isaac_ros-dev/launch) by extension 'cmake'
[0.558s] Level 1:colcon.colcon_core.package_identification:_identify(isaac_ros-dev/launch) by extension 'python'
[0.558s] Level 1:colcon.colcon_core.package_identification:_identify(isaac_ros-dev/launch) by extensions ['python_setup_py']
[0.558s] Level 1:colcon.colcon_core.package_identification:_identify(isaac_ros-dev/launch) by extension 'python_setup_py'
[0.558s] Level 1:colcon.colcon_core.package_identification:_identify(isaac_ros-dev/launch/__pycache__) by extensions ['ignore', 'ignore_ament_install']
[0.558s] Level 1:colcon.colcon_core.package_identification:_identify(isaac_ros-dev/launch/__pycache__) by extension 'ignore'
[0.558s] Level 1:colcon.colcon_core.package_identification:_identify(isaac_ros-dev/launch/__pycache__) by extension 'ignore_ament_install'
[0.558s] Level 1:colcon.colcon_core.package_identification:_identify(isaac_ros-dev/launch/__pycache__) by extensions ['colcon_pkg']
[0.559s] Level 1:colcon.colcon_core.package_identification:_identify(isaac_ros-dev/launch/__pycache__) by extension 'colcon_pkg'
[0.559s] Level 1:colcon.colcon_core.package_identification:_identify(isaac_ros-dev/launch/__pycache__) by extensions ['colcon_meta']
[0.559s] Level 1:colcon.colcon_core.package_identification:_identify(isaac_ros-dev/launch/__pycache__) by extension 'colcon_meta'
[0.559s] Level 1:colcon.colcon_core.package_identification:_identify(isaac_ros-dev/launch/__pycache__) by extensions ['ros']
[0.559s] Level 1:colcon.colcon_core.package_identification:_identify(isaac_ros-dev/launch/__pycache__) by extension 'ros'
[0.559s] Level 1:colcon.colcon_core.package_identification:_identify(isaac_ros-dev/launch/__pycache__) by extensions ['cmake', 'python']
[0.559s] Level 1:colcon.colcon_core.package_identification:_identify(isaac_ros-dev/launch/__pycache__) by extension 'cmake'
[0.559s] Level 1:colcon.colcon_core.package_identification:_identify(isaac_ros-dev/launch/__pycache__) by extension 'python'
[0.559s] Level 1:colcon.colcon_core.package_identification:_identify(isaac_ros-dev/launch/__pycache__) by extensions ['python_setup_py']
[0.559s] Level 1:colcon.colcon_core.package_identification:_identify(isaac_ros-dev/launch/__pycache__) by extension 'python_setup_py'
[0.560s] Level 1:colcon.colcon_core.package_identification:_identify(isaac_ros-dev/log) by extensions ['ignore', 'ignore_ament_install']
[0.560s] Level 1:colcon.colcon_core.package_identification:_identify(isaac_ros-dev/log) by extension 'ignore'
[0.560s] Level 1:colcon.colcon_core.package_identification:_identify(isaac_ros-dev/log) ignored
[0.560s] Level 1:colcon.colcon_core.package_identification:_identify(isaac_ros-dev/src) by extensions ['ignore', 'ignore_ament_install']
[0.560s] Level 1:colcon.colcon_core.package_identification:_identify(isaac_ros-dev/src) by extension 'ignore'
[0.560s] Level 1:colcon.colcon_core.package_identification:_identify(isaac_ros-dev/src) by extension 'ignore_ament_install'
[0.560s] Level 1:colcon.colcon_core.package_identification:_identify(isaac_ros-dev/src) by extensions ['colcon_pkg']
[0.560s] Level 1:colcon.colcon_core.package_identification:_identify(isaac_ros-dev/src) by extension 'colcon_pkg'
[0.560s] Level 1:colcon.colcon_core.package_identification:_identify(isaac_ros-dev/src) by extensions ['colcon_meta']
[0.561s] Level 1:colcon.colcon_core.package_identification:_identify(isaac_ros-dev/src) by extension 'colcon_meta'
[0.561s] Level 1:colcon.colcon_core.package_identification:_identify(isaac_ros-dev/src) by extensions ['ros']
[0.561s] Level 1:colcon.colcon_core.package_identification:_identify(isaac_ros-dev/src) by extension 'ros'
[0.561s] Level 1:colcon.colcon_core.package_identification:_identify(isaac_ros-dev/src) by extensions ['cmake', 'python']
[0.561s] Level 1:colcon.colcon_core.package_identification:_identify(isaac_ros-dev/src) by extension 'cmake'
[0.561s] Level 1:colcon.colcon_core.package_identification:_identify(isaac_ros-dev/src) by extension 'python'
[0.561s] Level 1:colcon.colcon_core.package_identification:_identify(isaac_ros-dev/src) by extensions ['python_setup_py']
[0.561s] Level 1:colcon.colcon_core.package_identification:_identify(isaac_ros-dev/src) by extension 'python_setup_py'
[0.561s] Level 1:colcon.colcon_core.package_identification:_identify(isaac_ros-dev/src/agv_bot_description) by extensions ['ignore', 'ignore_ament_install']
[0.562s] Level 1:colcon.colcon_core.package_identification:_identify(isaac_ros-dev/src/agv_bot_description) by extension 'ignore'
[0.562s] Level 1:colcon.colcon_core.package_identification:_identify(isaac_ros-dev/src/agv_bot_description) by extension 'ignore_ament_install'
[0.562s] Level 1:colcon.colcon_core.package_identification:_identify(isaac_ros-dev/src/agv_bot_description) by extensions ['colcon_pkg']
[0.562s] Level 1:colcon.colcon_core.package_identification:_identify(isaac_ros-dev/src/agv_bot_description) by extension 'colcon_pkg'
[0.562s] Level 1:colcon.colcon_core.package_identification:_identify(isaac_ros-dev/src/agv_bot_description) by extensions ['colcon_meta']
[0.562s] Level 1:colcon.colcon_core.package_identification:_identify(isaac_ros-dev/src/agv_bot_description) by extension 'colcon_meta'
[0.562s] Level 1:colcon.colcon_core.package_identification:_identify(isaac_ros-dev/src/agv_bot_description) by extensions ['ros']
[0.562s] Level 1:colcon.colcon_core.package_identification:_identify(isaac_ros-dev/src/agv_bot_description) by extension 'ros'
[0.563s] DEBUG:colcon.colcon_core.package_identification:Package 'isaac_ros-dev/src/agv_bot_description' with type 'ros.ament_cmake' and name 'agv_bot_description'
[0.564s] Level 1:colcon.colcon_core.package_identification:_identify(isaac_ros-dev/src/async_web_server_cpp) by extensions ['ignore', 'ignore_ament_install']
[0.564s] Level 1:colcon.colcon_core.package_identification:_identify(isaac_ros-dev/src/async_web_server_cpp) by extension 'ignore'
[0.564s] Level 1:colcon.colcon_core.package_identification:_identify(isaac_ros-dev/src/async_web_server_cpp) by extension 'ignore_ament_install'
[0.564s] Level 1:colcon.colcon_core.package_identification:_identify(isaac_ros-dev/src/async_web_server_cpp) by extensions ['colcon_pkg']
[0.564s] Level 1:colcon.colcon_core.package_identification:_identify(isaac_ros-dev/src/async_web_server_cpp) by extension 'colcon_pkg'
[0.564s] Level 1:colcon.colcon_core.package_identification:_identify(isaac_ros-dev/src/async_web_server_cpp) by extensions ['colcon_meta']
[0.564s] Level 1:colcon.colcon_core.package_identification:_identify(isaac_ros-dev/src/async_web_server_cpp) by extension 'colcon_meta'
[0.564s] Level 1:colcon.colcon_core.package_identification:_identify(isaac_ros-dev/src/async_web_server_cpp) by extensions ['ros']
[0.564s] Level 1:colcon.colcon_core.package_identification:_identify(isaac_ros-dev/src/async_web_server_cpp) by extension 'ros'
[0.565s] DEBUG:colcon.colcon_core.package_identification:Package 'isaac_ros-dev/src/async_web_server_cpp' with type 'ros.catkin' and name 'async_web_server_cpp'
[0.566s] Level 1:colcon.colcon_core.package_identification:_identify(isaac_ros-dev/src/camera_publishers) by extensions ['ignore', 'ignore_ament_install']
[0.566s] Level 1:colcon.colcon_core.package_identification:_identify(isaac_ros-dev/src/camera_publishers) by extension 'ignore'
[0.566s] Level 1:colcon.colcon_core.package_identification:_identify(isaac_ros-dev/src/camera_publishers) by extension 'ignore_ament_install'
[0.566s] Level 1:colcon.colcon_core.package_identification:_identify(isaac_ros-dev/src/camera_publishers) by extensions ['colcon_pkg']
[0.566s] Level 1:colcon.colcon_core.package_identification:_identify(isaac_ros-dev/src/camera_publishers) by extension 'colcon_pkg'
[0.566s] Level 1:colcon.colcon_core.package_identification:_identify(isaac_ros-dev/src/camera_publishers) by extensions ['colcon_meta']
[0.566s] Level 1:colcon.colcon_core.package_identification:_identify(isaac_ros-dev/src/camera_publishers) by extension 'colcon_meta'
[0.566s] Level 1:colcon.colcon_core.package_identification:_identify(isaac_ros-dev/src/camera_publishers) by extensions ['ros']
[0.566s] Level 1:colcon.colcon_core.package_identification:_identify(isaac_ros-dev/src/camera_publishers) by extension 'ros'
[0.567s] DEBUG:colcon.colcon_core.package_identification:Package 'isaac_ros-dev/src/camera_publishers' with type 'ros.ament_python' and name 'camera_publishers'
[0.568s] Level 1:colcon.colcon_core.package_identification:_identify(isaac_ros-dev/src/data_logger) by extensions ['ignore', 'ignore_ament_install']
[0.568s] Level 1:colcon.colcon_core.package_identification:_identify(isaac_ros-dev/src/data_logger) by extension 'ignore'
[0.568s] Level 1:colcon.colcon_core.package_identification:_identify(isaac_ros-dev/src/data_logger) by extension 'ignore_ament_install'
[0.568s] Level 1:colcon.colcon_core.package_identification:_identify(isaac_ros-dev/src/data_logger) by extensions ['colcon_pkg']
[0.568s] Level 1:colcon.colcon_core.package_identification:_identify(isaac_ros-dev/src/data_logger) by extension 'colcon_pkg'
[0.568s] Level 1:colcon.colcon_core.package_identification:_identify(isaac_ros-dev/src/data_logger) by extensions ['colcon_meta']
[0.568s] Level 1:colcon.colcon_core.package_identification:_identify(isaac_ros-dev/src/data_logger) by extension 'colcon_meta'
[0.568s] Level 1:colcon.colcon_core.package_identification:_identify(isaac_ros-dev/src/data_logger) by extensions ['ros']
[0.568s] Level 1:colcon.colcon_core.package_identification:_identify(isaac_ros-dev/src/data_logger) by extension 'ros'
[0.569s] DEBUG:colcon.colcon_core.package_identification:Package 'isaac_ros-dev/src/data_logger' with type 'ros.ament_cmake' and name 'data_logger'
[0.569s] Level 1:colcon.colcon_core.package_identification:_identify(isaac_ros-dev/src/gps_package) by extensions ['ignore', 'ignore_ament_install']
[0.570s] Level 1:colcon.colcon_core.package_identification:_identify(isaac_ros-dev/src/gps_package) by extension 'ignore'
[0.570s] Level 1:colcon.colcon_core.package_identification:_identify(isaac_ros-dev/src/gps_package) by extension 'ignore_ament_install'
[0.570s] Level 1:colcon.colcon_core.package_identification:_identify(isaac_ros-dev/src/gps_package) by extensions ['colcon_pkg']
[0.570s] Level 1:colcon.colcon_core.package_identification:_identify(isaac_ros-dev/src/gps_package) by extension 'colcon_pkg'
[0.570s] Level 1:colcon.colcon_core.package_identification:_identify(isaac_ros-dev/src/gps_package) by extensions ['colcon_meta']
[0.570s] Level 1:colcon.colcon_core.package_identification:_identify(isaac_ros-dev/src/gps_package) by extension 'colcon_meta'
[0.570s] Level 1:colcon.colcon_core.package_identification:_identify(isaac_ros-dev/src/gps_package) by extensions ['ros']
[0.570s] Level 1:colcon.colcon_core.package_identification:_identify(isaac_ros-dev/src/gps_package) by extension 'ros'
[0.571s] DEBUG:colcon.colcon_core.package_identification:Package 'isaac_ros-dev/src/gps_package' with type 'ros.ament_python' and name 'gps_package'
[0.571s] Level 1:colcon.colcon_core.package_identification:_identify(isaac_ros-dev/src/image_stitcher) by extensions ['ignore', 'ignore_ament_install']
[0.572s] Level 1:colcon.colcon_core.package_identification:_identify(isaac_ros-dev/src/image_stitcher) by extension 'ignore'
[0.572s] Level 1:colcon.colcon_core.package_identification:_identify(isaac_ros-dev/src/image_stitcher) by extension 'ignore_ament_install'
[0.572s] Level 1:colcon.colcon_core.package_identification:_identify(isaac_ros-dev/src/image_stitcher) by extensions ['colcon_pkg']
[0.572s] Level 1:colcon.colcon_core.package_identification:_identify(isaac_ros-dev/src/image_stitcher) by extension 'colcon_pkg'
[0.572s] Level 1:colcon.colcon_core.package_identification:_identify(isaac_ros-dev/src/image_stitcher) by extensions ['colcon_meta']
[0.572s] Level 1:colcon.colcon_core.package_identification:_identify(isaac_ros-dev/src/image_stitcher) by extension 'colcon_meta'
[0.572s] Level 1:colcon.colcon_core.package_identification:_identify(isaac_ros-dev/src/image_stitcher) by extensions ['ros']
[0.572s] Level 1:colcon.colcon_core.package_identification:_identify(isaac_ros-dev/src/image_stitcher) by extension 'ros'
[0.573s] DEBUG:colcon.colcon_core.package_identification:Package 'isaac_ros-dev/src/image_stitcher' with type 'ros.ament_python' and name 'image_stitcher'
[0.573s] Level 1:colcon.colcon_core.package_identification:_identify(isaac_ros-dev/src/joint_state_publisher) by extensions ['ignore', 'ignore_ament_install']
[0.573s] Level 1:colcon.colcon_core.package_identification:_identify(isaac_ros-dev/src/joint_state_publisher) by extension 'ignore'
[0.574s] Level 1:colcon.colcon_core.package_identification:_identify(isaac_ros-dev/src/joint_state_publisher) by extension 'ignore_ament_install'
[0.574s] Level 1:colcon.colcon_core.package_identification:_identify(isaac_ros-dev/src/joint_state_publisher) by extensions ['colcon_pkg']
[0.574s] Level 1:colcon.colcon_core.package_identification:_identify(isaac_ros-dev/src/joint_state_publisher) by extension 'colcon_pkg'
[0.574s] Level 1:colcon.colcon_core.package_identification:_identify(isaac_ros-dev/src/joint_state_publisher) by extensions ['colcon_meta']
[0.574s] Level 1:colcon.colcon_core.package_identification:_identify(isaac_ros-dev/src/joint_state_publisher) by extension 'colcon_meta'
[0.574s] Level 1:colcon.colcon_core.package_identification:_identify(isaac_ros-dev/src/joint_state_publisher) by extensions ['ros']
[0.574s] Level 1:colcon.colcon_core.package_identification:_identify(isaac_ros-dev/src/joint_state_publisher) by extension 'ros'
[0.575s] DEBUG:colcon.colcon_core.package_identification:Package 'isaac_ros-dev/src/joint_state_publisher' with type 'ros.ament_python' and name 'joint_state_publisher'
[0.576s] Level 1:colcon.colcon_core.package_identification:_identify(isaac_ros-dev/src/joint_state_publisher_gui) by extensions ['ignore', 'ignore_ament_install']
[0.576s] Level 1:colcon.colcon_core.package_identification:_identify(isaac_ros-dev/src/joint_state_publisher_gui) by extension 'ignore'
[0.576s] Level 1:colcon.colcon_core.package_identification:_identify(isaac_ros-dev/src/joint_state_publisher_gui) by extension 'ignore_ament_install'
[0.576s] Level 1:colcon.colcon_core.package_identification:_identify(isaac_ros-dev/src/joint_state_publisher_gui) by extensions ['colcon_pkg']
[0.576s] Level 1:colcon.colcon_core.package_identification:_identify(isaac_ros-dev/src/joint_state_publisher_gui) by extension 'colcon_pkg'
[0.576s] Level 1:colcon.colcon_core.package_identification:_identify(isaac_ros-dev/src/joint_state_publisher_gui) by extensions ['colcon_meta']
[0.576s] Level 1:colcon.colcon_core.package_identification:_identify(isaac_ros-dev/src/joint_state_publisher_gui) by extension 'colcon_meta'
[0.576s] Level 1:colcon.colcon_core.package_identification:_identify(isaac_ros-dev/src/joint_state_publisher_gui) by extensions ['ros']
[0.576s] Level 1:colcon.colcon_core.package_identification:_identify(isaac_ros-dev/src/joint_state_publisher_gui) by extension 'ros'
[0.577s] DEBUG:colcon.colcon_core.package_identification:Package 'isaac_ros-dev/src/joint_state_publisher_gui' with type 'ros.ament_python' and name 'joint_state_publisher_gui'
[0.578s] Level 1:colcon.colcon_core.package_identification:_identify(isaac_ros-dev/src/motor_control_pkg) by extensions ['ignore', 'ignore_ament_install']
[0.578s] Level 1:colcon.colcon_core.package_identification:_identify(isaac_ros-dev/src/motor_control_pkg) by extension 'ignore'
[0.578s] Level 1:colcon.colcon_core.package_identification:_identify(isaac_ros-dev/src/motor_control_pkg) by extension 'ignore_ament_install'
[0.578s] Level 1:colcon.colcon_core.package_identification:_identify(isaac_ros-dev/src/motor_control_pkg) by extensions ['colcon_pkg']
[0.578s] Level 1:colcon.colcon_core.package_identification:_identify(isaac_ros-dev/src/motor_control_pkg) by extension 'colcon_pkg'
[0.578s] Level 1:colcon.colcon_core.package_identification:_identify(isaac_ros-dev/src/motor_control_pkg) by extensions ['colcon_meta']
[0.578s] Level 1:colcon.colcon_core.package_identification:_identify(isaac_ros-dev/src/motor_control_pkg) by extension 'colcon_meta'
[0.578s] Level 1:colcon.colcon_core.package_identification:_identify(isaac_ros-dev/src/motor_control_pkg) by extensions ['ros']
[0.578s] Level 1:colcon.colcon_core.package_identification:_identify(isaac_ros-dev/src/motor_control_pkg) by extension 'ros'
[0.580s] DEBUG:colcon.colcon_core.package_identification:Package 'isaac_ros-dev/src/motor_control_pkg' with type 'ros.ament_python' and name 'motor_control_pkg'
[0.580s] Level 1:colcon.colcon_core.package_identification:_identify(isaac_ros-dev/src/object_avoidance) by extensions ['ignore', 'ignore_ament_install']
[0.580s] Level 1:colcon.colcon_core.package_identification:_identify(isaac_ros-dev/src/object_avoidance) by extension 'ignore'
[0.580s] Level 1:colcon.colcon_core.package_identification:_identify(isaac_ros-dev/src/object_avoidance) by extension 'ignore_ament_install'
[0.580s] Level 1:colcon.colcon_core.package_identification:_identify(isaac_ros-dev/src/object_avoidance) by extensions ['colcon_pkg']
[0.580s] Level 1:colcon.colcon_core.package_identification:_identify(isaac_ros-dev/src/object_avoidance) by extension 'colcon_pkg'
[0.580s] Level 1:colcon.colcon_core.package_identification:_identify(isaac_ros-dev/src/object_avoidance) by extensions ['colcon_meta']
[0.581s] Level 1:colcon.colcon_core.package_identification:_identify(isaac_ros-dev/src/object_avoidance) by extension 'colcon_meta'
[0.581s] Level 1:colcon.colcon_core.package_identification:_identify(isaac_ros-dev/src/object_avoidance) by extensions ['ros']
[0.581s] Level 1:colcon.colcon_core.package_identification:_identify(isaac_ros-dev/src/object_avoidance) by extension 'ros'
[0.582s] DEBUG:colcon.colcon_core.package_identification:Package 'isaac_ros-dev/src/object_avoidance' with type 'ros.ament_python' and name 'object_avoidance'
[0.582s] Level 1:colcon.colcon_core.package_identification:_identify(isaac_ros-dev/src/object_derek) by extensions ['ignore', 'ignore_ament_install']
[0.582s] Level 1:colcon.colcon_core.package_identification:_identify(isaac_ros-dev/src/object_derek) by extension 'ignore'
[0.582s] Level 1:colcon.colcon_core.package_identification:_identify(isaac_ros-dev/src/object_derek) by extension 'ignore_ament_install'
[0.582s] Level 1:colcon.colcon_core.package_identification:_identify(isaac_ros-dev/src/object_derek) by extensions ['colcon_pkg']
[0.582s] Level 1:colcon.colcon_core.package_identification:_identify(isaac_ros-dev/src/object_derek) by extension 'colcon_pkg'
[0.582s] Level 1:colcon.colcon_core.package_identification:_identify(isaac_ros-dev/src/object_derek) by extensions ['colcon_meta']
[0.582s] Level 1:colcon.colcon_core.package_identification:_identify(isaac_ros-dev/src/object_derek) by extension 'colcon_meta'
[0.583s] Level 1:colcon.colcon_core.package_identification:_identify(isaac_ros-dev/src/object_derek) by extensions ['ros']
[0.583s] Level 1:colcon.colcon_core.package_identification:_identify(isaac_ros-dev/src/object_derek) by extension 'ros'
[0.584s] DEBUG:colcon.colcon_core.package_identification:Package 'isaac_ros-dev/src/object_derek' with type 'ros.ament_python' and name 'object_derek'
[0.584s] Level 1:colcon.colcon_core.package_identification:_identify(isaac_ros-dev/src/realsense-ros) by extensions ['ignore', 'ignore_ament_install']
[0.584s] Level 1:colcon.colcon_core.package_identification:_identify(isaac_ros-dev/src/realsense-ros) by extension 'ignore'
[0.584s] Level 1:colcon.colcon_core.package_identification:_identify(isaac_ros-dev/src/realsense-ros) by extension 'ignore_ament_install'
[0.584s] Level 1:colcon.colcon_core.package_identification:_identify(isaac_ros-dev/src/realsense-ros) by extensions ['colcon_pkg']
[0.584s] Level 1:colcon.colcon_core.package_identification:_identify(isaac_ros-dev/src/realsense-ros) by extension 'colcon_pkg'
[0.584s] Level 1:colcon.colcon_core.package_identification:_identify(isaac_ros-dev/src/realsense-ros) by extensions ['colcon_meta']
[0.584s] Level 1:colcon.colcon_core.package_identification:_identify(isaac_ros-dev/src/realsense-ros) by extension 'colcon_meta'
[0.585s] Level 1:colcon.colcon_core.package_identification:_identify(isaac_ros-dev/src/realsense-ros) by extensions ['ros']
[0.585s] Level 1:colcon.colcon_core.package_identification:_identify(isaac_ros-dev/src/realsense-ros) by extension 'ros'
[0.585s] Level 1:colcon.colcon_core.package_identification:_identify(isaac_ros-dev/src/realsense-ros) by extensions ['cmake', 'python']
[0.585s] Level 1:colcon.colcon_core.package_identification:_identify(isaac_ros-dev/src/realsense-ros) by extension 'cmake'
[0.585s] Level 1:colcon.colcon_core.package_identification:_identify(isaac_ros-dev/src/realsense-ros) by extension 'python'
[0.585s] Level 1:colcon.colcon_core.package_identification:_identify(isaac_ros-dev/src/realsense-ros) by extensions ['python_setup_py']
[0.585s] Level 1:colcon.colcon_core.package_identification:_identify(isaac_ros-dev/src/realsense-ros) by extension 'python_setup_py'
[0.585s] Level 1:colcon.colcon_core.package_identification:_identify(isaac_ros-dev/src/realsense-ros/realsense2_camera) by extensions ['ignore', 'ignore_ament_install']
[0.585s] Level 1:colcon.colcon_core.package_identification:_identify(isaac_ros-dev/src/realsense-ros/realsense2_camera) by extension 'ignore'
[0.586s] Level 1:colcon.colcon_core.package_identification:_identify(isaac_ros-dev/src/realsense-ros/realsense2_camera) by extension 'ignore_ament_install'
[0.586s] Level 1:colcon.colcon_core.package_identification:_identify(isaac_ros-dev/src/realsense-ros/realsense2_camera) by extensions ['colcon_pkg']
[0.586s] Level 1:colcon.colcon_core.package_identification:_identify(isaac_ros-dev/src/realsense-ros/realsense2_camera) by extension 'colcon_pkg'
[0.586s] Level 1:colcon.colcon_core.package_identification:_identify(isaac_ros-dev/src/realsense-ros/realsense2_camera) by extensions ['colcon_meta']
[0.586s] Level 1:colcon.colcon_core.package_identification:_identify(isaac_ros-dev/src/realsense-ros/realsense2_camera) by extension 'colcon_meta'
[0.586s] Level 1:colcon.colcon_core.package_identification:_identify(isaac_ros-dev/src/realsense-ros/realsense2_camera) by extensions ['ros']
[0.586s] Level 1:colcon.colcon_core.package_identification:_identify(isaac_ros-dev/src/realsense-ros/realsense2_camera) by extension 'ros'
[0.589s] DEBUG:colcon.colcon_core.package_identification:Package 'isaac_ros-dev/src/realsense-ros/realsense2_camera' with type 'ros.ament_cmake' and name 'realsense2_camera'
[0.589s] Level 1:colcon.colcon_core.package_identification:_identify(isaac_ros-dev/src/realsense-ros/realsense2_camera_msgs) by extensions ['ignore', 'ignore_ament_install']
[0.589s] Level 1:colcon.colcon_core.package_identification:_identify(isaac_ros-dev/src/realsense-ros/realsense2_camera_msgs) by extension 'ignore'
[0.589s] Level 1:colcon.colcon_core.package_identification:_identify(isaac_ros-dev/src/realsense-ros/realsense2_camera_msgs) by extension 'ignore_ament_install'
[0.589s] Level 1:colcon.colcon_core.package_identification:_identify(isaac_ros-dev/src/realsense-ros/realsense2_camera_msgs) by extensions ['colcon_pkg']
[0.590s] Level 1:colcon.colcon_core.package_identification:_identify(isaac_ros-dev/src/realsense-ros/realsense2_camera_msgs) by extension 'colcon_pkg'
[0.590s] Level 1:colcon.colcon_core.package_identification:_identify(isaac_ros-dev/src/realsense-ros/realsense2_camera_msgs) by extensions ['colcon_meta']
[0.590s] Level 1:colcon.colcon_core.package_identification:_identify(isaac_ros-dev/src/realsense-ros/realsense2_camera_msgs) by extension 'colcon_meta'
[0.590s] Level 1:colcon.colcon_core.package_identification:_identify(isaac_ros-dev/src/realsense-ros/realsense2_camera_msgs) by extensions ['ros']
[0.590s] Level 1:colcon.colcon_core.package_identification:_identify(isaac_ros-dev/src/realsense-ros/realsense2_camera_msgs) by extension 'ros'
[0.591s] DEBUG:colcon.colcon_core.package_identification:Package 'isaac_ros-dev/src/realsense-ros/realsense2_camera_msgs' with type 'ros.ament_cmake' and name 'realsense2_camera_msgs'
[0.591s] Level 1:colcon.colcon_core.package_identification:_identify(isaac_ros-dev/src/realsense-ros/realsense2_description) by extensions ['ignore', 'ignore_ament_install']
[0.591s] Level 1:colcon.colcon_core.package_identification:_identify(isaac_ros-dev/src/realsense-ros/realsense2_description) by extension 'ignore'
[0.591s] Level 1:colcon.colcon_core.package_identification:_identify(isaac_ros-dev/src/realsense-ros/realsense2_description) by extension 'ignore_ament_install'
[0.592s] Level 1:colcon.colcon_core.package_identification:_identify(isaac_ros-dev/src/realsense-ros/realsense2_description) by extensions ['colcon_pkg']
[0.592s] Level 1:colcon.colcon_core.package_identification:_identify(isaac_ros-dev/src/realsense-ros/realsense2_description) by extension 'colcon_pkg'
[0.592s] Level 1:colcon.colcon_core.package_identification:_identify(isaac_ros-dev/src/realsense-ros/realsense2_description) by extensions ['colcon_meta']
[0.592s] Level 1:colcon.colcon_core.package_identification:_identify(isaac_ros-dev/src/realsense-ros/realsense2_description) by extension 'colcon_meta'
[0.592s] Level 1:colcon.colcon_core.package_identification:_identify(isaac_ros-dev/src/realsense-ros/realsense2_description) by extensions ['ros']
[0.592s] Level 1:colcon.colcon_core.package_identification:_identify(isaac_ros-dev/src/realsense-ros/realsense2_description) by extension 'ros'
[0.593s] DEBUG:colcon.colcon_core.package_identification:Package 'isaac_ros-dev/src/realsense-ros/realsense2_description' with type 'ros.ament_cmake' and name 'realsense2_description'
[0.593s] Level 1:colcon.colcon_core.package_identification:_identify(isaac_ros-dev/src/realsense-ros/scripts) by extensions ['ignore', 'ignore_ament_install']
[0.594s] Level 1:colcon.colcon_core.package_identification:_identify(isaac_ros-dev/src/realsense-ros/scripts) by extension 'ignore'
[0.594s] Level 1:colcon.colcon_core.package_identification:_identify(isaac_ros-dev/src/realsense-ros/scripts) by extension 'ignore_ament_install'
[0.594s] Level 1:colcon.colcon_core.package_identification:_identify(isaac_ros-dev/src/realsense-ros/scripts) by extensions ['colcon_pkg']
[0.594s] Level 1:colcon.colcon_core.package_identification:_identify(isaac_ros-dev/src/realsense-ros/scripts) by extension 'colcon_pkg'
[0.594s] Level 1:colcon.colcon_core.package_identification:_identify(isaac_ros-dev/src/realsense-ros/scripts) by extensions ['colcon_meta']
[0.594s] Level 1:colcon.colcon_core.package_identification:_identify(isaac_ros-dev/src/realsense-ros/scripts) by extension 'colcon_meta'
[0.594s] Level 1:colcon.colcon_core.package_identification:_identify(isaac_ros-dev/src/realsense-ros/scripts) by extensions ['ros']
[0.594s] Level 1:colcon.colcon_core.package_identification:_identify(isaac_ros-dev/src/realsense-ros/scripts) by extension 'ros'
[0.594s] Level 1:colcon.colcon_core.package_identification:_identify(isaac_ros-dev/src/realsense-ros/scripts) by extensions ['cmake', 'python']
[0.594s] Level 1:colcon.colcon_core.package_identification:_identify(isaac_ros-dev/src/realsense-ros/scripts) by extension 'cmake'
[0.594s] Level 1:colcon.colcon_core.package_identification:_identify(isaac_ros-dev/src/realsense-ros/scripts) by extension 'python'
[0.595s] Level 1:colcon.colcon_core.package_identification:_identify(isaac_ros-dev/src/realsense-ros/scripts) by extensions ['python_setup_py']
[0.595s] Level 1:colcon.colcon_core.package_identification:_identify(isaac_ros-dev/src/realsense-ros/scripts) by extension 'python_setup_py'
[0.595s] Level 1:colcon.colcon_core.package_identification:_identify(isaac_ros-dev/src/realsense_obj_det) by extensions ['ignore', 'ignore_ament_install']
[0.595s] Level 1:colcon.colcon_core.package_identification:_identify(isaac_ros-dev/src/realsense_obj_det) by extension 'ignore'
[0.595s] Level 1:colcon.colcon_core.package_identification:_identify(isaac_ros-dev/src/realsense_obj_det) by extension 'ignore_ament_install'
[0.595s] Level 1:colcon.colcon_core.package_identification:_identify(isaac_ros-dev/src/realsense_obj_det) by extensions ['colcon_pkg']
[0.595s] Level 1:colcon.colcon_core.package_identification:_identify(isaac_ros-dev/src/realsense_obj_det) by extension 'colcon_pkg'
[0.595s] Level 1:colcon.colcon_core.package_identification:_identify(isaac_ros-dev/src/realsense_obj_det) by extensions ['colcon_meta']
[0.595s] Level 1:colcon.colcon_core.package_identification:_identify(isaac_ros-dev/src/realsense_obj_det) by extension 'colcon_meta'
[0.596s] Level 1:colcon.colcon_core.package_identification:_identify(isaac_ros-dev/src/realsense_obj_det) by extensions ['ros']
[0.596s] Level 1:colcon.colcon_core.package_identification:_identify(isaac_ros-dev/src/realsense_obj_det) by extension 'ros'
[0.597s] DEBUG:colcon.colcon_core.package_identification:Package 'isaac_ros-dev/src/realsense_obj_det' with type 'ros.ament_python' and name 'realsense_obj_det'
[0.597s] Level 1:colcon.colcon_core.package_identification:_identify(isaac_ros-dev/src/road_segmentation) by extensions ['ignore', 'ignore_ament_install']
[0.597s] Level 1:colcon.colcon_core.package_identification:_identify(isaac_ros-dev/src/road_segmentation) by extension 'ignore'
[0.597s] Level 1:colcon.colcon_core.package_identification:_identify(isaac_ros-dev/src/road_segmentation) by extension 'ignore_ament_install'
[0.597s] Level 1:colcon.colcon_core.package_identification:_identify(isaac_ros-dev/src/road_segmentation) by extensions ['colcon_pkg']
[0.597s] Level 1:colcon.colcon_core.package_identification:_identify(isaac_ros-dev/src/road_segmentation) by extension 'colcon_pkg'
[0.597s] Level 1:colcon.colcon_core.package_identification:_identify(isaac_ros-dev/src/road_segmentation) by extensions ['colcon_meta']
[0.597s] Level 1:colcon.colcon_core.package_identification:_identify(isaac_ros-dev/src/road_segmentation) by extension 'colcon_meta'
[0.597s] Level 1:colcon.colcon_core.package_identification:_identify(isaac_ros-dev/src/road_segmentation) by extensions ['ros']
[0.598s] Level 1:colcon.colcon_core.package_identification:_identify(isaac_ros-dev/src/road_segmentation) by extension 'ros'
[0.598s] DEBUG:colcon.colcon_core.package_identification:Package 'isaac_ros-dev/src/road_segmentation' with type 'ros.ament_python' and name 'road_segmentation'
[0.599s] Level 1:colcon.colcon_core.package_identification:_identify(isaac_ros-dev/src/teleop_twist_joy) by extensions ['ignore', 'ignore_ament_install']
[0.599s] Level 1:colcon.colcon_core.package_identification:_identify(isaac_ros-dev/src/teleop_twist_joy) by extension 'ignore'
[0.599s] Level 1:colcon.colcon_core.package_identification:_identify(isaac_ros-dev/src/teleop_twist_joy) by extension 'ignore_ament_install'
[0.599s] Level 1:colcon.colcon_core.package_identification:_identify(isaac_ros-dev/src/teleop_twist_joy) by extensions ['colcon_pkg']
[0.599s] Level 1:colcon.colcon_core.package_identification:_identify(isaac_ros-dev/src/teleop_twist_joy) by extension 'colcon_pkg'
[0.599s] Level 1:colcon.colcon_core.package_identification:_identify(isaac_ros-dev/src/teleop_twist_joy) by extensions ['colcon_meta']
[0.599s] Level 1:colcon.colcon_core.package_identification:_identify(isaac_ros-dev/src/teleop_twist_joy) by extension 'colcon_meta'
[0.599s] Level 1:colcon.colcon_core.package_identification:_identify(isaac_ros-dev/src/teleop_twist_joy) by extensions ['ros']
[0.599s] Level 1:colcon.colcon_core.package_identification:_identify(isaac_ros-dev/src/teleop_twist_joy) by extension 'ros'
[0.601s] DEBUG:colcon.colcon_core.package_identification:Package 'isaac_ros-dev/src/teleop_twist_joy' with type 'ros.ament_cmake' and name 'teleop_twist_joy'
[0.601s] Level 1:colcon.colcon_core.package_identification:_identify(isaac_ros-dev/src/teleop_twist_keyboard) by extensions ['ignore', 'ignore_ament_install']
[0.601s] Level 1:colcon.colcon_core.package_identification:_identify(isaac_ros-dev/src/teleop_twist_keyboard) by extension 'ignore'
[0.601s] Level 1:colcon.colcon_core.package_identification:_identify(isaac_ros-dev/src/teleop_twist_keyboard) by extension 'ignore_ament_install'
[0.601s] Level 1:colcon.colcon_core.package_identification:_identify(isaac_ros-dev/src/teleop_twist_keyboard) by extensions ['colcon_pkg']
[0.602s] Level 1:colcon.colcon_core.package_identification:_identify(isaac_ros-dev/src/teleop_twist_keyboard) by extension 'colcon_pkg'
[0.602s] Level 1:colcon.colcon_core.package_identification:_identify(isaac_ros-dev/src/teleop_twist_keyboard) by extensions ['colcon_meta']
[0.602s] Level 1:colcon.colcon_core.package_identification:_identify(isaac_ros-dev/src/teleop_twist_keyboard) by extension 'colcon_meta'
[0.602s] Level 1:colcon.colcon_core.package_identification:_identify(isaac_ros-dev/src/teleop_twist_keyboard) by extensions ['ros']
[0.602s] Level 1:colcon.colcon_core.package_identification:_identify(isaac_ros-dev/src/teleop_twist_keyboard) by extension 'ros'
[0.603s] DEBUG:colcon.colcon_core.package_identification:Package 'isaac_ros-dev/src/teleop_twist_keyboard' with type 'ros.ament_python' and name 'teleop_twist_keyboard'
[0.603s] Level 1:colcon.colcon_core.package_identification:_identify(isaac_ros-dev/src/twist_converter) by extensions ['ignore', 'ignore_ament_install']
[0.603s] Level 1:colcon.colcon_core.package_identification:_identify(isaac_ros-dev/src/twist_converter) by extension 'ignore'
[0.603s] Level 1:colcon.colcon_core.package_identification:_identify(isaac_ros-dev/src/twist_converter) by extension 'ignore_ament_install'
[0.603s] Level 1:colcon.colcon_core.package_identification:_identify(isaac_ros-dev/src/twist_converter) by extensions ['colcon_pkg']
[0.603s] Level 1:colcon.colcon_core.package_identification:_identify(isaac_ros-dev/src/twist_converter) by extension 'colcon_pkg'
[0.604s] Level 1:colcon.colcon_core.package_identification:_identify(isaac_ros-dev/src/twist_converter) by extensions ['colcon_meta']
[0.604s] Level 1:colcon.colcon_core.package_identification:_identify(isaac_ros-dev/src/twist_converter) by extension 'colcon_meta'
[0.604s] Level 1:colcon.colcon_core.package_identification:_identify(isaac_ros-dev/src/twist_converter) by extensions ['ros']
[0.604s] Level 1:colcon.colcon_core.package_identification:_identify(isaac_ros-dev/src/twist_converter) by extension 'ros'
[0.605s] DEBUG:colcon.colcon_core.package_identification:Package 'isaac_ros-dev/src/twist_converter' with type 'ros.ament_python' and name 'twist_converter'
[0.605s] Level 1:colcon.colcon_core.package_identification:_identify(isaac_ros-dev/src/twist_mux) by extensions ['ignore', 'ignore_ament_install']
[0.605s] Level 1:colcon.colcon_core.package_identification:_identify(isaac_ros-dev/src/twist_mux) by extension 'ignore'
[0.605s] Level 1:colcon.colcon_core.package_identification:_identify(isaac_ros-dev/src/twist_mux) by extension 'ignore_ament_install'
[0.605s] Level 1:colcon.colcon_core.package_identification:_identify(isaac_ros-dev/src/twist_mux) by extensions ['colcon_pkg']
[0.605s] Level 1:colcon.colcon_core.package_identification:_identify(isaac_ros-dev/src/twist_mux) by extension 'colcon_pkg'
[0.605s] Level 1:colcon.colcon_core.package_identification:_identify(isaac_ros-dev/src/twist_mux) by extensions ['colcon_meta']
[0.605s] Level 1:colcon.colcon_core.package_identification:_identify(isaac_ros-dev/src/twist_mux) by extension 'colcon_meta'
[0.606s] Level 1:colcon.colcon_core.package_identification:_identify(isaac_ros-dev/src/twist_mux) by extensions ['ros']
[0.606s] Level 1:colcon.colcon_core.package_identification:_identify(isaac_ros-dev/src/twist_mux) by extension 'ros'
[0.607s] DEBUG:colcon.colcon_core.package_identification:Package 'isaac_ros-dev/src/twist_mux' with type 'ros.ament_cmake' and name 'twist_mux'
[0.607s] Level 1:colcon.colcon_core.package_identification:_identify(isaac_ros-dev/src/web_video_server) by extensions ['ignore', 'ignore_ament_install']
[0.608s] Level 1:colcon.colcon_core.package_identification:_identify(isaac_ros-dev/src/web_video_server) by extension 'ignore'
[0.608s] Level 1:colcon.colcon_core.package_identification:_identify(isaac_ros-dev/src/web_video_server) by extension 'ignore_ament_install'
[0.608s] Level 1:colcon.colcon_core.package_identification:_identify(isaac_ros-dev/src/web_video_server) by extensions ['colcon_pkg']
[0.608s] Level 1:colcon.colcon_core.package_identification:_identify(isaac_ros-dev/src/web_video_server) by extension 'colcon_pkg'
[0.608s] Level 1:colcon.colcon_core.package_identification:_identify(isaac_ros-dev/src/web_video_server) by extensions ['colcon_meta']
[0.608s] Level 1:colcon.colcon_core.package_identification:_identify(isaac_ros-dev/src/web_video_server) by extension 'colcon_meta'
[0.608s] Level 1:colcon.colcon_core.package_identification:_identify(isaac_ros-dev/src/web_video_server) by extensions ['ros']
[0.608s] Level 1:colcon.colcon_core.package_identification:_identify(isaac_ros-dev/src/web_video_server) by extension 'ros'
[0.609s] DEBUG:colcon.colcon_core.package_identification:Package 'isaac_ros-dev/src/web_video_server' with type 'ros.ament_cmake' and name 'web_video_server'
[0.610s] Level 1:colcon.colcon_core.package_identification:_identify(isaac_ros-dev/src/web_video_server_python) by extensions ['ignore', 'ignore_ament_install']
[0.610s] Level 1:colcon.colcon_core.package_identification:_identify(isaac_ros-dev/src/web_video_server_python) by extension 'ignore'
[0.610s] Level 1:colcon.colcon_core.package_identification:_identify(isaac_ros-dev/src/web_video_server_python) by extension 'ignore_ament_install'
[0.610s] Level 1:colcon.colcon_core.package_identification:_identify(isaac_ros-dev/src/web_video_server_python) by extensions ['colcon_pkg']
[0.610s] Level 1:colcon.colcon_core.package_identification:_identify(isaac_ros-dev/src/web_video_server_python) by extension 'colcon_pkg'
[0.610s] Level 1:colcon.colcon_core.package_identification:_identify(isaac_ros-dev/src/web_video_server_python) by extensions ['colcon_meta']
[0.610s] Level 1:colcon.colcon_core.package_identification:_identify(isaac_ros-dev/src/web_video_server_python) by extension 'colcon_meta'
[0.610s] Level 1:colcon.colcon_core.package_identification:_identify(isaac_ros-dev/src/web_video_server_python) by extensions ['ros']
[0.610s] Level 1:colcon.colcon_core.package_identification:_identify(isaac_ros-dev/src/web_video_server_python) by extension 'ros'
[0.612s] DEBUG:colcon.colcon_core.package_identification:Package 'isaac_ros-dev/src/web_video_server_python' with type 'ros.ament_python' and name 'web_video_server_python'
[0.612s] Level 1:colcon.colcon_core.package_identification:_identify(isaac_ros-dev/utils) by extensions ['ignore', 'ignore_ament_install']
[0.612s] Level 1:colcon.colcon_core.package_identification:_identify(isaac_ros-dev/utils) by extension 'ignore'
[0.612s] Level 1:colcon.colcon_core.package_identification:_identify(isaac_ros-dev/utils) by extension 'ignore_ament_install'
[0.612s] Level 1:colcon.colcon_core.package_identification:_identify(isaac_ros-dev/utils) by extensions ['colcon_pkg']
[0.612s] Level 1:colcon.colcon_core.package_identification:_identify(isaac_ros-dev/utils) by extension 'colcon_pkg'
[0.612s] Level 1:colcon.colcon_core.package_identification:_identify(isaac_ros-dev/utils) by extensions ['colcon_meta']
[0.612s] Level 1:colcon.colcon_core.package_identification:_identify(isaac_ros-dev/utils) by extension 'colcon_meta'
[0.612s] Level 1:colcon.colcon_core.package_identification:_identify(isaac_ros-dev/utils) by extensions ['ros']
[0.613s] Level 1:colcon.colcon_core.package_identification:_identify(isaac_ros-dev/utils) by extension 'ros'
[0.613s] Level 1:colcon.colcon_core.package_identification:_identify(isaac_ros-dev/utils) by extensions ['cmake', 'python']
[0.613s] Level 1:colcon.colcon_core.package_identification:_identify(isaac_ros-dev/utils) by extension 'cmake'
[0.613s] Level 1:colcon.colcon_core.package_identification:_identify(isaac_ros-dev/utils) by extension 'python'
[0.613s] Level 1:colcon.colcon_core.package_identification:_identify(isaac_ros-dev/utils) by extensions ['python_setup_py']
[0.613s] Level 1:colcon.colcon_core.package_identification:_identify(isaac_ros-dev/utils) by extension 'python_setup_py'
[0.613s] Level 1:colcon.colcon_core.package_identification:_identify(log) by extensions ['ignore', 'ignore_ament_install']
[0.613s] Level 1:colcon.colcon_core.package_identification:_identify(log) by extension 'ignore'
[0.613s] Level 1:colcon.colcon_core.package_identification:_identify(log) ignored
[0.614s] Level 1:colcon.colcon_core.package_discovery:discover_packages(recursive) using defaults
[0.614s] Level 1:colcon.colcon_core.package_discovery:discover_packages(ignore) discover
[0.614s] Level 1:colcon.colcon_core.package_discovery:discover_packages(ignore) using defaults
[0.614s] Level 1:colcon.colcon_core.package_discovery:discover_packages(path) discover
[0.614s] Level 1:colcon.colcon_core.package_discovery:discover_packages(path) using defaults
[0.670s] INFO:colcon.colcon_core.package_selection:Skipping not selected package 'async_web_server_cpp' in 'isaac_ros-dev/src/async_web_server_cpp'
[0.670s] INFO:colcon.colcon_core.package_selection:Skipping not selected package 'camera_publishers' in 'Pi/workspaces/ros2_humble_ws/src/camera_publishers'
[0.670s] INFO:colcon.colcon_core.package_selection:Skipping not selected package 'camera_publishers' in 'isaac_ros-dev/src/camera_publishers'
[0.670s] INFO:colcon.colcon_core.package_selection:Skipping not selected package 'data_logger' in 'isaac_ros-dev/src/data_logger'
[0.670s] INFO:colcon.colcon_core.package_selection:Skipping not selected package 'gps_package' in 'isaac_ros-dev/src/gps_package'
[0.670s] INFO:colcon.colcon_core.package_selection:Skipping not selected package 'image_stitcher' in 'isaac_ros-dev/src/image_stitcher'
[0.671s] INFO:colcon.colcon_core.package_selection:Skipping not selected package 'joint_state_publisher' in 'isaac_ros-dev/src/joint_state_publisher'
[0.671s] INFO:colcon.colcon_core.package_selection:Skipping not selected package 'object_avoidance' in 'isaac_ros-dev/src/object_avoidance'
[0.671s] INFO:colcon.colcon_core.package_selection:Skipping not selected package 'object_derek' in 'isaac_ros-dev/src/object_derek'
[0.671s] INFO:colcon.colcon_core.package_selection:Skipping not selected package 'realsense2_camera_msgs' in 'isaac_ros-dev/src/realsense-ros/realsense2_camera_msgs'
[0.671s] INFO:colcon.colcon_core.package_selection:Skipping not selected package 'road_segmentation' in 'isaac_ros-dev/src/road_segmentation'
[0.671s] INFO:colcon.colcon_core.package_selection:Skipping not selected package 'teleop_twist_joy' in 'isaac_ros-dev/src/teleop_twist_joy'
[0.671s] INFO:colcon.colcon_core.package_selection:Skipping not selected package 'teleop_twist_keyboard' in 'isaac_ros-dev/src/teleop_twist_keyboard'
[0.671s] INFO:colcon.colcon_core.package_selection:Skipping not selected package 'twist_converter' in 'isaac_ros-dev/src/twist_converter'
[0.671s] INFO:colcon.colcon_core.package_selection:Skipping not selected package 'twist_mux' in 'isaac_ros-dev/src/twist_mux'
[0.671s] INFO:colcon.colcon_core.package_selection:Skipping not selected package 'web_video_server_python' in 'isaac_ros-dev/src/web_video_server_python'
[0.671s] INFO:colcon.colcon_core.package_selection:Skipping not selected package 'joint_state_publisher_gui' in 'isaac_ros-dev/src/joint_state_publisher_gui'
[0.671s] INFO:colcon.colcon_core.package_selection:Skipping not selected package 'realsense2_camera' in 'isaac_ros-dev/src/realsense-ros/realsense2_camera'
[0.671s] INFO:colcon.colcon_core.package_selection:Skipping not selected package 'realsense2_description' in 'isaac_ros-dev/src/realsense-ros/realsense2_description'
[0.671s] INFO:colcon.colcon_core.package_selection:Skipping not selected package 'realsense_obj_det' in 'isaac_ros-dev/src/realsense_obj_det'
[0.671s] INFO:colcon.colcon_core.package_selection:Skipping not selected package 'web_video_server' in 'isaac_ros-dev/src/web_video_server'
[0.671s] INFO:colcon.colcon_core.package_selection:Skipping not selected package 'agv_bot_description' in 'isaac_ros-dev/src/agv_bot_description'
[0.672s] Level 1:colcon.colcon_core.package_discovery:discover_packages(prefix_path) check parameters
[0.672s] Level 1:colcon.colcon_core.package_discovery:discover_packages(prefix_path) discover
[0.677s] DEBUG:colcon.colcon_installed_package_information.package_discovery:Found 276 installed packages in /opt/ros/humble
[0.705s] Level 1:colcon.colcon_core.package_discovery:discover_packages(prefix_path) using defaults
[0.772s] ERROR:colcon:colcon build: Duplicate package names not supported:
- motor_control_pkg:
  - Pi/workspaces/ros2_humble_ws/src/motor_control_pkg
  - isaac_ros-dev/src/motor_control_pkg
